2024-02-11 00:23:13,797 INFO    StreamThr :20939 [internal.py:wandb_internal():86] W&B internal server running at pid: 20939, started at: 2024-02-11 00:23:13.796355
2024-02-11 00:23:13,800 DEBUG   HandlerThread:20939 [handler.py:handle_request():146] handle_request: status
2024-02-11 00:23:13,805 INFO    WriterThread:20939 [datastore.py:open_for_write():87] open: /Users/aakashagarwal/Documents/GitHub/palindrome_classifier/wandb/run-20240211_002313-iu4857xj/run-iu4857xj.wandb
2024-02-11 00:23:13,806 DEBUG   SenderThread:20939 [sender.py:send():382] send: header
2024-02-11 00:23:13,837 DEBUG   SenderThread:20939 [sender.py:send():382] send: run
2024-02-11 00:23:15,438 INFO    SenderThread:20939 [dir_watcher.py:__init__():211] watching files in: /Users/aakashagarwal/Documents/GitHub/palindrome_classifier/wandb/run-20240211_002313-iu4857xj/files
2024-02-11 00:23:15,439 INFO    SenderThread:20939 [sender.py:_start_run_threads():1136] run started: iu4857xj with start time 1707591193.798097
2024-02-11 00:23:15,450 DEBUG   HandlerThread:20939 [handler.py:handle_request():146] handle_request: check_version
2024-02-11 00:23:15,450 DEBUG   SenderThread:20939 [sender.py:send_request():409] send_request: check_version
2024-02-11 00:23:15,523 DEBUG   HandlerThread:20939 [handler.py:handle_request():146] handle_request: run_start
2024-02-11 00:23:15,531 DEBUG   HandlerThread:20939 [system_info.py:__init__():27] System info init
2024-02-11 00:23:15,531 DEBUG   HandlerThread:20939 [system_info.py:__init__():42] System info init done
2024-02-11 00:23:15,531 INFO    HandlerThread:20939 [system_monitor.py:start():194] Starting system monitor
2024-02-11 00:23:15,531 INFO    SystemMonitor:20939 [system_monitor.py:_start():158] Starting system asset monitoring threads
2024-02-11 00:23:15,531 INFO    HandlerThread:20939 [system_monitor.py:probe():214] Collecting system info
2024-02-11 00:23:15,532 INFO    SystemMonitor:20939 [interfaces.py:start():190] Started cpu monitoring
2024-02-11 00:23:15,532 DEBUG   HandlerThread:20939 [system_info.py:probe():151] Probing system
2024-02-11 00:23:15,532 INFO    SystemMonitor:20939 [interfaces.py:start():190] Started disk monitoring
2024-02-11 00:23:15,536 INFO    SystemMonitor:20939 [interfaces.py:start():190] Started gpuapple monitoring
2024-02-11 00:23:15,537 INFO    SystemMonitor:20939 [interfaces.py:start():190] Started memory monitoring
2024-02-11 00:23:15,538 INFO    SystemMonitor:20939 [interfaces.py:start():190] Started network monitoring
2024-02-11 00:23:15,544 DEBUG   HandlerThread:20939 [system_info.py:_probe_git():136] Probing git
2024-02-11 00:23:15,571 DEBUG   HandlerThread:20939 [system_info.py:_probe_git():144] Probing git done
2024-02-11 00:23:15,571 DEBUG   HandlerThread:20939 [system_info.py:probe():199] Probing system done
2024-02-11 00:23:15,571 DEBUG   HandlerThread:20939 [system_monitor.py:probe():223] {'os': 'macOS-14.3-arm64-arm-64bit', 'python': '3.11.5', 'heartbeatAt': '2024-02-10T18:53:15.532481', 'startedAt': '2024-02-10T18:53:13.787115', 'docker': None, 'cuda': None, 'args': (), 'state': 'running', 'program': '/Users/aakashagarwal/Documents/GitHub/palindrome_classifier/Code/palindrome/palindrome_4_fold_oversampling_w&b.py', 'codePathLocal': 'Code/palindrome/palindrome_4_fold_oversampling_w&b.py', 'codePath': 'Code/palindrome/palindrome_4_fold_oversampling_w&b.py', 'git': {'remote': 'https://github.com/aaaakash001/palindrome_classifier.git', 'commit': '221f6f5da10d632f52a9d85a28d97c6ccdf740c9'}, 'email': 'aaaakash001@gmail.com', 'root': '/Users/aakashagarwal/Documents/GitHub/palindrome_classifier', 'host': 'Aakashs-MacBook-Pro.local', 'username': 'aakashagarwal', 'executable': '/Users/aakashagarwal/anaconda3/bin/python', 'cpu_count': 11, 'cpu_count_logical': 11, 'disk': {'/': {'total': 460.4317207336426, 'used': 213.14940643310547}}, 'gpuapple': {'type': 'arm', 'vendor': 'Apple'}, 'memory': {'total': 18.0}}
2024-02-11 00:23:15,571 INFO    HandlerThread:20939 [system_monitor.py:probe():224] Finished collecting system info
2024-02-11 00:23:15,571 INFO    HandlerThread:20939 [system_monitor.py:probe():227] Publishing system info
2024-02-11 00:23:15,571 DEBUG   HandlerThread:20939 [system_info.py:_save_conda():208] Saving list of conda packages installed into the current environment
2024-02-11 00:23:16,444 INFO    Thread-13 :20939 [dir_watcher.py:_on_file_created():271] file/dir created: /Users/aakashagarwal/Documents/GitHub/palindrome_classifier/wandb/run-20240211_002313-iu4857xj/files/conda-environment.yaml
2024-02-11 00:23:18,883 DEBUG   HandlerThread:20939 [system_info.py:_save_conda():220] Saving conda packages done
2024-02-11 00:23:18,883 INFO    HandlerThread:20939 [system_monitor.py:probe():229] Finished publishing system info
2024-02-11 00:23:18,888 DEBUG   SenderThread:20939 [sender.py:send():382] send: files
2024-02-11 00:23:18,888 INFO    SenderThread:20939 [sender.py:_save_file():1403] saving file wandb-metadata.json with policy now
2024-02-11 00:23:18,889 DEBUG   HandlerThread:20939 [handler.py:handle_request():146] handle_request: status_report
2024-02-11 00:23:18,892 DEBUG   HandlerThread:20939 [handler.py:handle_request():146] handle_request: python_packages
2024-02-11 00:23:18,892 DEBUG   SenderThread:20939 [sender.py:send_request():409] send_request: python_packages
2024-02-11 00:23:18,893 DEBUG   SenderThread:20939 [sender.py:send():382] send: telemetry
2024-02-11 00:23:18,893 DEBUG   HandlerThread:20939 [handler.py:handle_request():146] handle_request: stop_status
2024-02-11 00:23:18,893 DEBUG   SenderThread:20939 [sender.py:send_request():409] send_request: stop_status
2024-02-11 00:23:18,894 DEBUG   HandlerThread:20939 [handler.py:handle_request():146] handle_request: internal_messages
2024-02-11 00:23:19,324 DEBUG   SenderThread:20939 [sender.py:send():382] send: telemetry
2024-02-11 00:23:19,324 DEBUG   SenderThread:20939 [sender.py:send():382] send: exit
2024-02-11 00:23:19,324 INFO    SenderThread:20939 [sender.py:send_exit():589] handling exit code: 0
2024-02-11 00:23:19,324 INFO    SenderThread:20939 [sender.py:send_exit():591] handling runtime: 3
2024-02-11 00:23:19,325 INFO    SenderThread:20939 [sender.py:_save_file():1403] saving file wandb-summary.json with policy end
2024-02-11 00:23:19,325 INFO    SenderThread:20939 [sender.py:send_exit():597] send defer
2024-02-11 00:23:19,325 DEBUG   HandlerThread:20939 [handler.py:handle_request():146] handle_request: defer
2024-02-11 00:23:19,325 INFO    HandlerThread:20939 [handler.py:handle_request_defer():172] handle defer: 0
2024-02-11 00:23:19,325 DEBUG   SenderThread:20939 [sender.py:send_request():409] send_request: defer
2024-02-11 00:23:19,325 INFO    SenderThread:20939 [sender.py:send_request_defer():613] handle sender defer: 0
2024-02-11 00:23:19,325 INFO    SenderThread:20939 [sender.py:transition_state():617] send defer: 1
2024-02-11 00:23:19,326 DEBUG   HandlerThread:20939 [handler.py:handle_request():146] handle_request: defer
2024-02-11 00:23:19,326 INFO    HandlerThread:20939 [handler.py:handle_request_defer():172] handle defer: 1
2024-02-11 00:23:19,326 DEBUG   SenderThread:20939 [sender.py:send_request():409] send_request: defer
2024-02-11 00:23:19,326 INFO    SenderThread:20939 [sender.py:send_request_defer():613] handle sender defer: 1
2024-02-11 00:23:19,326 INFO    SenderThread:20939 [sender.py:transition_state():617] send defer: 2
2024-02-11 00:23:19,326 DEBUG   HandlerThread:20939 [handler.py:handle_request():146] handle_request: defer
2024-02-11 00:23:19,326 INFO    HandlerThread:20939 [handler.py:handle_request_defer():172] handle defer: 2
2024-02-11 00:23:19,326 INFO    HandlerThread:20939 [system_monitor.py:finish():203] Stopping system monitor
2024-02-11 00:23:19,326 DEBUG   SystemMonitor:20939 [system_monitor.py:_start():172] Starting system metrics aggregation loop
2024-02-11 00:23:19,326 INFO    HandlerThread:20939 [interfaces.py:finish():202] Joined cpu monitor
2024-02-11 00:23:19,326 DEBUG   SystemMonitor:20939 [system_monitor.py:_start():179] Finished system metrics aggregation loop
2024-02-11 00:23:19,326 INFO    HandlerThread:20939 [interfaces.py:finish():202] Joined disk monitor
2024-02-11 00:23:19,327 DEBUG   SystemMonitor:20939 [system_monitor.py:_start():183] Publishing last batch of metrics
2024-02-11 00:23:19,327 INFO    HandlerThread:20939 [interfaces.py:finish():202] Joined gpuapple monitor
2024-02-11 00:23:19,328 INFO    HandlerThread:20939 [interfaces.py:finish():202] Joined memory monitor
2024-02-11 00:23:19,328 INFO    HandlerThread:20939 [interfaces.py:finish():202] Joined network monitor
2024-02-11 00:23:19,328 DEBUG   SenderThread:20939 [sender.py:send_request():409] send_request: defer
2024-02-11 00:23:19,328 INFO    SenderThread:20939 [sender.py:send_request_defer():613] handle sender defer: 2
2024-02-11 00:23:19,328 INFO    SenderThread:20939 [sender.py:transition_state():617] send defer: 3
2024-02-11 00:23:19,328 DEBUG   SenderThread:20939 [sender.py:send():382] send: telemetry
2024-02-11 00:23:19,328 DEBUG   SenderThread:20939 [sender.py:send():382] send: stats
2024-02-11 00:23:19,328 DEBUG   HandlerThread:20939 [handler.py:handle_request():146] handle_request: defer
2024-02-11 00:23:19,328 INFO    HandlerThread:20939 [handler.py:handle_request_defer():172] handle defer: 3
2024-02-11 00:23:19,328 DEBUG   SenderThread:20939 [sender.py:send_request():409] send_request: defer
2024-02-11 00:23:19,328 INFO    SenderThread:20939 [sender.py:send_request_defer():613] handle sender defer: 3
2024-02-11 00:23:19,328 INFO    SenderThread:20939 [sender.py:transition_state():617] send defer: 4
2024-02-11 00:23:19,328 DEBUG   HandlerThread:20939 [handler.py:handle_request():146] handle_request: defer
2024-02-11 00:23:19,328 INFO    HandlerThread:20939 [handler.py:handle_request_defer():172] handle defer: 4
2024-02-11 00:23:19,329 DEBUG   SenderThread:20939 [sender.py:send_request():409] send_request: defer
2024-02-11 00:23:19,329 INFO    SenderThread:20939 [sender.py:send_request_defer():613] handle sender defer: 4
2024-02-11 00:23:19,329 INFO    SenderThread:20939 [sender.py:transition_state():617] send defer: 5
2024-02-11 00:23:19,329 DEBUG   HandlerThread:20939 [handler.py:handle_request():146] handle_request: defer
2024-02-11 00:23:19,329 INFO    HandlerThread:20939 [handler.py:handle_request_defer():172] handle defer: 5
2024-02-11 00:23:19,329 DEBUG   SenderThread:20939 [sender.py:send():382] send: summary
2024-02-11 00:23:19,329 INFO    SenderThread:20939 [sender.py:_save_file():1403] saving file wandb-summary.json with policy end
2024-02-11 00:23:19,329 DEBUG   SenderThread:20939 [sender.py:send_request():409] send_request: defer
2024-02-11 00:23:19,329 INFO    SenderThread:20939 [sender.py:send_request_defer():613] handle sender defer: 5
2024-02-11 00:23:19,329 INFO    SenderThread:20939 [sender.py:transition_state():617] send defer: 6
2024-02-11 00:23:19,329 DEBUG   HandlerThread:20939 [handler.py:handle_request():146] handle_request: defer
2024-02-11 00:23:19,329 INFO    HandlerThread:20939 [handler.py:handle_request_defer():172] handle defer: 6
2024-02-11 00:23:19,329 DEBUG   SenderThread:20939 [sender.py:send_request():409] send_request: defer
2024-02-11 00:23:19,329 INFO    SenderThread:20939 [sender.py:send_request_defer():613] handle sender defer: 6
2024-02-11 00:23:19,331 DEBUG   HandlerThread:20939 [handler.py:handle_request():146] handle_request: status_report
2024-02-11 00:23:19,455 INFO    Thread-13 :20939 [dir_watcher.py:_on_file_modified():288] file/dir modified: /Users/aakashagarwal/Documents/GitHub/palindrome_classifier/wandb/run-20240211_002313-iu4857xj/files/conda-environment.yaml
2024-02-11 00:23:19,456 INFO    Thread-13 :20939 [dir_watcher.py:_on_file_created():271] file/dir created: /Users/aakashagarwal/Documents/GitHub/palindrome_classifier/wandb/run-20240211_002313-iu4857xj/files/wandb-metadata.json
2024-02-11 00:23:19,456 INFO    Thread-13 :20939 [dir_watcher.py:_on_file_created():271] file/dir created: /Users/aakashagarwal/Documents/GitHub/palindrome_classifier/wandb/run-20240211_002313-iu4857xj/files/requirements.txt
2024-02-11 00:23:19,456 INFO    Thread-13 :20939 [dir_watcher.py:_on_file_created():271] file/dir created: /Users/aakashagarwal/Documents/GitHub/palindrome_classifier/wandb/run-20240211_002313-iu4857xj/files/wandb-summary.json
2024-02-11 00:23:19,456 INFO    Thread-13 :20939 [dir_watcher.py:_on_file_created():271] file/dir created: /Users/aakashagarwal/Documents/GitHub/palindrome_classifier/wandb/run-20240211_002313-iu4857xj/files/output.log
2024-02-11 00:23:19,636 INFO    SenderThread:20939 [sender.py:transition_state():617] send defer: 7
2024-02-11 00:23:19,636 DEBUG   HandlerThread:20939 [handler.py:handle_request():146] handle_request: defer
2024-02-11 00:23:19,636 INFO    HandlerThread:20939 [handler.py:handle_request_defer():172] handle defer: 7
2024-02-11 00:23:19,637 DEBUG   SenderThread:20939 [sender.py:send_request():409] send_request: defer
2024-02-11 00:23:19,637 INFO    SenderThread:20939 [sender.py:send_request_defer():613] handle sender defer: 7
2024-02-11 00:23:19,974 INFO    wandb-upload_0:20939 [upload_job.py:push():131] Uploaded file /var/folders/9x/cvl5gvjj3v31p6kyd5_lblgh0000gn/T/tmpc2t35xecwandb/ftskw3bk-wandb-metadata.json
2024-02-11 00:23:20,190 DEBUG   HandlerThread:20939 [handler.py:handle_request():146] handle_request: poll_exit
2024-02-11 00:23:20,461 INFO    Thread-13 :20939 [dir_watcher.py:_on_file_modified():288] file/dir modified: /Users/aakashagarwal/Documents/GitHub/palindrome_classifier/wandb/run-20240211_002313-iu4857xj/files/config.yaml
2024-02-11 00:23:21,337 INFO    SenderThread:20939 [sender.py:transition_state():617] send defer: 8
2024-02-11 00:23:21,337 DEBUG   SenderThread:20939 [sender.py:send_request():409] send_request: poll_exit
2024-02-11 00:23:21,337 DEBUG   HandlerThread:20939 [handler.py:handle_request():146] handle_request: defer
2024-02-11 00:23:21,338 INFO    HandlerThread:20939 [handler.py:handle_request_defer():172] handle defer: 8
2024-02-11 00:23:21,339 DEBUG   SenderThread:20939 [sender.py:send_request():409] send_request: defer
2024-02-11 00:23:21,339 INFO    SenderThread:20939 [sender.py:send_request_defer():613] handle sender defer: 8
2024-02-11 00:23:21,339 INFO    SenderThread:20939 [job_builder.py:build():296] Attempting to build job artifact
2024-02-11 00:23:21,341 INFO    SenderThread:20939 [job_builder.py:_get_source_type():426] is repo sourced job
2024-02-11 00:23:21,388 INFO    SenderThread:20939 [job_builder.py:build():402] adding wandb-job metadata file
2024-02-11 00:23:21,390 INFO    SenderThread:20939 [sender.py:transition_state():617] send defer: 9
2024-02-11 00:23:21,390 DEBUG   HandlerThread:20939 [handler.py:handle_request():146] handle_request: defer
2024-02-11 00:23:21,390 INFO    HandlerThread:20939 [handler.py:handle_request_defer():172] handle defer: 9
2024-02-11 00:23:21,390 DEBUG   SenderThread:20939 [sender.py:send():382] send: artifact
2024-02-11 00:23:21,467 INFO    Thread-13 :20939 [dir_watcher.py:_on_file_modified():288] file/dir modified: /Users/aakashagarwal/Documents/GitHub/palindrome_classifier/wandb/run-20240211_002313-iu4857xj/files/output.log
2024-02-11 00:23:22,201 DEBUG   HandlerThread:20939 [handler.py:handle_request():146] handle_request: poll_exit
2024-02-11 00:23:22,999 INFO    SenderThread:20939 [sender.py:send_artifact():1494] sent artifact job-https___github.com_aaaakash001_palindrome_classifier.git_Code_palindrome_palindrome_4_fold_oversampling_w_b.py - {'id': 'QXJ0aWZhY3Q6NzE5MDY5MTAz', 'state': 'COMMITTED', 'artifactSequence': {'id': 'QXJ0aWZhY3RDb2xsZWN0aW9uOjEzODc3NTAwNw==', 'latestArtifact': {'id': 'QXJ0aWZhY3Q6NzE5MDY5MTAz', 'versionIndex': 0}}}
2024-02-11 00:23:22,999 DEBUG   SenderThread:20939 [sender.py:send_request():409] send_request: defer
2024-02-11 00:23:22,999 INFO    SenderThread:20939 [sender.py:send_request_defer():613] handle sender defer: 9
2024-02-11 00:23:22,999 INFO    SenderThread:20939 [dir_watcher.py:finish():358] shutting down directory watcher
2024-02-11 00:23:23,477 INFO    SenderThread:20939 [dir_watcher.py:finish():388] scan: /Users/aakashagarwal/Documents/GitHub/palindrome_classifier/wandb/run-20240211_002313-iu4857xj/files
2024-02-11 00:23:23,478 INFO    SenderThread:20939 [dir_watcher.py:finish():402] scan save: /Users/aakashagarwal/Documents/GitHub/palindrome_classifier/wandb/run-20240211_002313-iu4857xj/files/requirements.txt requirements.txt
2024-02-11 00:23:23,479 INFO    SenderThread:20939 [dir_watcher.py:finish():402] scan save: /Users/aakashagarwal/Documents/GitHub/palindrome_classifier/wandb/run-20240211_002313-iu4857xj/files/output.log output.log
2024-02-11 00:23:23,479 INFO    SenderThread:20939 [dir_watcher.py:finish():402] scan save: /Users/aakashagarwal/Documents/GitHub/palindrome_classifier/wandb/run-20240211_002313-iu4857xj/files/config.yaml config.yaml
2024-02-11 00:23:23,483 INFO    SenderThread:20939 [dir_watcher.py:finish():402] scan save: /Users/aakashagarwal/Documents/GitHub/palindrome_classifier/wandb/run-20240211_002313-iu4857xj/files/wandb-summary.json wandb-summary.json
2024-02-11 00:23:23,489 INFO    SenderThread:20939 [dir_watcher.py:finish():402] scan save: /Users/aakashagarwal/Documents/GitHub/palindrome_classifier/wandb/run-20240211_002313-iu4857xj/files/conda-environment.yaml conda-environment.yaml
2024-02-11 00:23:23,490 INFO    SenderThread:20939 [dir_watcher.py:finish():402] scan save: /Users/aakashagarwal/Documents/GitHub/palindrome_classifier/wandb/run-20240211_002313-iu4857xj/files/wandb-metadata.json wandb-metadata.json
2024-02-11 00:23:23,492 INFO    SenderThread:20939 [sender.py:transition_state():617] send defer: 10
2024-02-11 00:23:23,494 DEBUG   SenderThread:20939 [sender.py:send_request():409] send_request: poll_exit
2024-02-11 00:23:23,495 DEBUG   HandlerThread:20939 [handler.py:handle_request():146] handle_request: defer
2024-02-11 00:23:23,496 INFO    HandlerThread:20939 [handler.py:handle_request_defer():172] handle defer: 10
2024-02-11 00:23:23,497 DEBUG   SenderThread:20939 [sender.py:send_request():409] send_request: defer
2024-02-11 00:23:23,497 INFO    SenderThread:20939 [sender.py:send_request_defer():613] handle sender defer: 10
2024-02-11 00:23:23,497 INFO    SenderThread:20939 [file_pusher.py:finish():172] shutting down file pusher
2024-02-11 00:23:24,169 INFO    wandb-upload_0:20939 [upload_job.py:push():131] Uploaded file /Users/aakashagarwal/Documents/GitHub/palindrome_classifier/wandb/run-20240211_002313-iu4857xj/files/requirements.txt
2024-02-11 00:23:24,204 DEBUG   HandlerThread:20939 [handler.py:handle_request():146] handle_request: poll_exit
2024-02-11 00:23:24,204 DEBUG   SenderThread:20939 [sender.py:send_request():409] send_request: poll_exit
2024-02-11 00:23:24,511 INFO    wandb-upload_1:20939 [upload_job.py:push():131] Uploaded file /Users/aakashagarwal/Documents/GitHub/palindrome_classifier/wandb/run-20240211_002313-iu4857xj/files/output.log
2024-02-11 00:23:25,207 DEBUG   HandlerThread:20939 [handler.py:handle_request():146] handle_request: poll_exit
2024-02-11 00:23:25,208 DEBUG   SenderThread:20939 [sender.py:send_request():409] send_request: poll_exit
2024-02-11 00:23:26,213 DEBUG   HandlerThread:20939 [handler.py:handle_request():146] handle_request: poll_exit
2024-02-11 00:23:26,214 DEBUG   SenderThread:20939 [sender.py:send_request():409] send_request: poll_exit
2024-02-11 00:23:27,215 DEBUG   HandlerThread:20939 [handler.py:handle_request():146] handle_request: poll_exit
2024-02-11 00:23:27,216 DEBUG   SenderThread:20939 [sender.py:send_request():409] send_request: poll_exit
2024-02-11 00:23:27,647 INFO    wandb-upload_2:20939 [upload_job.py:push():131] Uploaded file /Users/aakashagarwal/Documents/GitHub/palindrome_classifier/wandb/run-20240211_002313-iu4857xj/files/config.yaml
2024-02-11 00:23:27,734 INFO    wandb-upload_4:20939 [upload_job.py:push():131] Uploaded file /Users/aakashagarwal/Documents/GitHub/palindrome_classifier/wandb/run-20240211_002313-iu4857xj/files/conda-environment.yaml
2024-02-11 00:23:28,211 INFO    wandb-upload_3:20939 [upload_job.py:push():131] Uploaded file /Users/aakashagarwal/Documents/GitHub/palindrome_classifier/wandb/run-20240211_002313-iu4857xj/files/wandb-summary.json
2024-02-11 00:23:28,220 DEBUG   HandlerThread:20939 [handler.py:handle_request():146] handle_request: poll_exit
2024-02-11 00:23:28,220 DEBUG   SenderThread:20939 [sender.py:send_request():409] send_request: poll_exit
2024-02-11 00:23:28,414 INFO    Thread-12 (_thread_body):20939 [sender.py:transition_state():617] send defer: 11
2024-02-11 00:23:28,415 DEBUG   HandlerThread:20939 [handler.py:handle_request():146] handle_request: defer
2024-02-11 00:23:28,415 INFO    HandlerThread:20939 [handler.py:handle_request_defer():172] handle defer: 11
2024-02-11 00:23:28,416 DEBUG   SenderThread:20939 [sender.py:send_request():409] send_request: defer
2024-02-11 00:23:28,416 INFO    SenderThread:20939 [sender.py:send_request_defer():613] handle sender defer: 11
2024-02-11 00:23:28,416 INFO    SenderThread:20939 [file_pusher.py:join():178] waiting for file pusher
2024-02-11 00:23:28,417 INFO    SenderThread:20939 [sender.py:transition_state():617] send defer: 12
2024-02-11 00:23:28,417 DEBUG   HandlerThread:20939 [handler.py:handle_request():146] handle_request: defer
2024-02-11 00:23:28,417 INFO    HandlerThread:20939 [handler.py:handle_request_defer():172] handle defer: 12
2024-02-11 00:23:28,417 DEBUG   SenderThread:20939 [sender.py:send_request():409] send_request: defer
2024-02-11 00:23:28,418 INFO    SenderThread:20939 [sender.py:send_request_defer():613] handle sender defer: 12
2024-02-11 00:23:28,418 INFO    SenderThread:20939 [file_stream.py:finish():595] file stream finish called
2024-02-11 00:23:29,222 DEBUG   HandlerThread:20939 [handler.py:handle_request():146] handle_request: poll_exit
2024-02-11 00:23:30,383 INFO    SenderThread:20939 [file_stream.py:finish():599] file stream finish is done
2024-02-11 00:23:30,383 INFO    SenderThread:20939 [sender.py:transition_state():617] send defer: 13
2024-02-11 00:23:30,384 DEBUG   SenderThread:20939 [sender.py:send_request():409] send_request: poll_exit
2024-02-11 00:23:30,384 DEBUG   HandlerThread:20939 [handler.py:handle_request():146] handle_request: defer
2024-02-11 00:23:30,385 INFO    HandlerThread:20939 [handler.py:handle_request_defer():172] handle defer: 13
2024-02-11 00:23:30,385 DEBUG   HandlerThread:20939 [handler.py:handle_request():146] handle_request: status_report
2024-02-11 00:23:30,385 DEBUG   SenderThread:20939 [sender.py:send_request():409] send_request: defer
2024-02-11 00:23:30,385 INFO    SenderThread:20939 [sender.py:send_request_defer():613] handle sender defer: 13
2024-02-11 00:23:30,385 INFO    SenderThread:20939 [sender.py:transition_state():617] send defer: 14
2024-02-11 00:23:30,385 DEBUG   HandlerThread:20939 [handler.py:handle_request():146] handle_request: defer
2024-02-11 00:23:30,385 INFO    HandlerThread:20939 [handler.py:handle_request_defer():172] handle defer: 14
2024-02-11 00:23:30,385 DEBUG   SenderThread:20939 [sender.py:send():382] send: final
2024-02-11 00:23:30,385 DEBUG   SenderThread:20939 [sender.py:send():382] send: footer
2024-02-11 00:23:30,385 DEBUG   SenderThread:20939 [sender.py:send_request():409] send_request: defer
2024-02-11 00:23:30,385 INFO    SenderThread:20939 [sender.py:send_request_defer():613] handle sender defer: 14
2024-02-11 00:23:30,386 DEBUG   HandlerThread:20939 [handler.py:handle_request():146] handle_request: poll_exit
2024-02-11 00:23:30,387 DEBUG   SenderThread:20939 [sender.py:send_request():409] send_request: poll_exit
2024-02-11 00:23:30,388 DEBUG   HandlerThread:20939 [handler.py:handle_request():146] handle_request: internal_messages
2024-02-11 00:23:30,388 DEBUG   HandlerThread:20939 [handler.py:handle_request():146] handle_request: server_info
2024-02-11 00:23:30,388 DEBUG   HandlerThread:20939 [handler.py:handle_request():146] handle_request: get_summary
2024-02-11 00:23:30,388 DEBUG   SenderThread:20939 [sender.py:send_request():409] send_request: server_info
2024-02-11 00:23:30,388 DEBUG   HandlerThread:20939 [handler.py:handle_request():146] handle_request: sampled_history
2024-02-11 00:23:30,390 DEBUG   HandlerThread:20939 [handler.py:handle_request():146] handle_request: job_info
2024-02-11 00:23:35,410 DEBUG   HandlerThread:20939 [handler.py:handle_request():146] handle_request: keepalive
2024-02-11 00:23:40,425 DEBUG   HandlerThread:20939 [handler.py:handle_request():146] handle_request: keepalive
2024-02-11 00:23:45,447 DEBUG   HandlerThread:20939 [handler.py:handle_request():146] handle_request: keepalive
2024-02-11 00:23:50,460 DEBUG   HandlerThread:20939 [handler.py:handle_request():146] handle_request: keepalive
2024-02-11 00:23:55,479 DEBUG   HandlerThread:20939 [handler.py:handle_request():146] handle_request: keepalive
2024-02-11 00:24:00,500 DEBUG   HandlerThread:20939 [handler.py:handle_request():146] handle_request: keepalive
2024-02-11 00:24:05,523 DEBUG   HandlerThread:20939 [handler.py:handle_request():146] handle_request: keepalive
2024-02-11 00:24:10,544 DEBUG   HandlerThread:20939 [handler.py:handle_request():146] handle_request: keepalive
2024-02-11 00:24:15,565 DEBUG   HandlerThread:20939 [handler.py:handle_request():146] handle_request: keepalive
2024-02-11 00:24:20,588 DEBUG   HandlerThread:20939 [handler.py:handle_request():146] handle_request: keepalive
2024-02-11 00:24:25,614 DEBUG   HandlerThread:20939 [handler.py:handle_request():146] handle_request: keepalive
2024-02-11 00:24:30,633 DEBUG   HandlerThread:20939 [handler.py:handle_request():146] handle_request: keepalive
2024-02-11 00:24:33,151 INFO    SenderThread:20939 [retry.py:__call__():172] Retry attempt failed:
Traceback (most recent call last):
  File "/Users/aakashagarwal/anaconda3/lib/python3.11/site-packages/urllib3/connection.py", line 174, in _new_conn
    conn = connection.create_connection(
           ^^^^^^^^^^^^^^^^^^^^^^^^^^^^^
  File "/Users/aakashagarwal/anaconda3/lib/python3.11/site-packages/urllib3/util/connection.py", line 95, in create_connection
    raise err
  File "/Users/aakashagarwal/anaconda3/lib/python3.11/site-packages/urllib3/util/connection.py", line 85, in create_connection
    sock.connect(sa)
TimeoutError: timed out

During handling of the above exception, another exception occurred:

Traceback (most recent call last):
  File "/Users/aakashagarwal/anaconda3/lib/python3.11/site-packages/urllib3/connectionpool.py", line 714, in urlopen
    httplib_response = self._make_request(
                       ^^^^^^^^^^^^^^^^^^^
  File "/Users/aakashagarwal/anaconda3/lib/python3.11/site-packages/urllib3/connectionpool.py", line 403, in _make_request
    self._validate_conn(conn)
  File "/Users/aakashagarwal/anaconda3/lib/python3.11/site-packages/urllib3/connectionpool.py", line 1053, in _validate_conn
    conn.connect()
  File "/Users/aakashagarwal/anaconda3/lib/python3.11/site-packages/urllib3/connection.py", line 363, in connect
    self.sock = conn = self._new_conn()
                       ^^^^^^^^^^^^^^^^
  File "/Users/aakashagarwal/anaconda3/lib/python3.11/site-packages/urllib3/connection.py", line 179, in _new_conn
    raise ConnectTimeoutError(
urllib3.exceptions.ConnectTimeoutError: (<urllib3.connection.HTTPSConnection object at 0x12ca2d890>, 'Connection to api.wandb.ai timed out. (connect timeout=20)')

During handling of the above exception, another exception occurred:

Traceback (most recent call last):
  File "/Users/aakashagarwal/anaconda3/lib/python3.11/site-packages/requests/adapters.py", line 486, in send
    resp = conn.urlopen(
           ^^^^^^^^^^^^^
  File "/Users/aakashagarwal/anaconda3/lib/python3.11/site-packages/urllib3/connectionpool.py", line 798, in urlopen
    retries = retries.increment(
              ^^^^^^^^^^^^^^^^^^
  File "/Users/aakashagarwal/anaconda3/lib/python3.11/site-packages/urllib3/util/retry.py", line 592, in increment
    raise MaxRetryError(_pool, url, error or ResponseError(cause))
urllib3.exceptions.MaxRetryError: HTTPSConnectionPool(host='api.wandb.ai', port=443): Max retries exceeded with url: /graphql (Caused by ConnectTimeoutError(<urllib3.connection.HTTPSConnection object at 0x12ca2d890>, 'Connection to api.wandb.ai timed out. (connect timeout=20)'))

During handling of the above exception, another exception occurred:

Traceback (most recent call last):
  File "/Users/aakashagarwal/anaconda3/lib/python3.11/site-packages/wandb/sdk/lib/retry.py", line 131, in __call__
    result = self._call_fn(*args, **kwargs)
             ^^^^^^^^^^^^^^^^^^^^^^^^^^^^^^
  File "/Users/aakashagarwal/anaconda3/lib/python3.11/site-packages/wandb/sdk/internal/internal_api.py", line 369, in execute
    return self.client.execute(*args, **kwargs)  # type: ignore
           ^^^^^^^^^^^^^^^^^^^^^^^^^^^^^^^^^^^^
  File "/Users/aakashagarwal/anaconda3/lib/python3.11/site-packages/wandb/vendor/gql-0.2.0/wandb_gql/client.py", line 52, in execute
    result = self._get_result(document, *args, **kwargs)
             ^^^^^^^^^^^^^^^^^^^^^^^^^^^^^^^^^^^^^^^^^^^
  File "/Users/aakashagarwal/anaconda3/lib/python3.11/site-packages/wandb/vendor/gql-0.2.0/wandb_gql/client.py", line 60, in _get_result
    return self.transport.execute(document, *args, **kwargs)
           ^^^^^^^^^^^^^^^^^^^^^^^^^^^^^^^^^^^^^^^^^^^^^^^^^
  File "/Users/aakashagarwal/anaconda3/lib/python3.11/site-packages/wandb/sdk/lib/gql_request.py", line 58, in execute
    request = self.session.post(self.url, **post_args)
              ^^^^^^^^^^^^^^^^^^^^^^^^^^^^^^^^^^^^^^^^
  File "/Users/aakashagarwal/anaconda3/lib/python3.11/site-packages/requests/sessions.py", line 637, in post
    return self.request("POST", url, data=data, json=json, **kwargs)
           ^^^^^^^^^^^^^^^^^^^^^^^^^^^^^^^^^^^^^^^^^^^^^^^^^^^^^^^^^
  File "/Users/aakashagarwal/anaconda3/lib/python3.11/site-packages/requests/sessions.py", line 589, in request
    resp = self.send(prep, **send_kwargs)
           ^^^^^^^^^^^^^^^^^^^^^^^^^^^^^^
  File "/Users/aakashagarwal/anaconda3/lib/python3.11/site-packages/requests/sessions.py", line 703, in send
    r = adapter.send(request, **kwargs)
        ^^^^^^^^^^^^^^^^^^^^^^^^^^^^^^^
  File "/Users/aakashagarwal/anaconda3/lib/python3.11/site-packages/requests/adapters.py", line 507, in send
    raise ConnectTimeout(e, request=request)
requests.exceptions.ConnectTimeout: HTTPSConnectionPool(host='api.wandb.ai', port=443): Max retries exceeded with url: /graphql (Caused by ConnectTimeoutError(<urllib3.connection.HTTPSConnection object at 0x12ca2d890>, 'Connection to api.wandb.ai timed out. (connect timeout=20)'))
2024-02-11 00:24:35,658 DEBUG   HandlerThread:20939 [handler.py:handle_request():146] handle_request: keepalive
2024-02-11 00:24:40,674 DEBUG   HandlerThread:20939 [handler.py:handle_request():146] handle_request: keepalive
2024-02-11 00:24:45,691 DEBUG   HandlerThread:20939 [handler.py:handle_request():146] handle_request: keepalive
2024-02-11 00:24:50,704 DEBUG   HandlerThread:20939 [handler.py:handle_request():146] handle_request: keepalive
2024-02-11 00:24:55,723 DEBUG   HandlerThread:20939 [handler.py:handle_request():146] handle_request: keepalive
2024-02-11 00:25:00,741 DEBUG   HandlerThread:20939 [handler.py:handle_request():146] handle_request: keepalive
2024-02-11 00:25:05,758 DEBUG   HandlerThread:20939 [handler.py:handle_request():146] handle_request: keepalive
2024-02-11 00:25:10,774 DEBUG   HandlerThread:20939 [handler.py:handle_request():146] handle_request: keepalive
2024-02-11 00:25:15,791 DEBUG   HandlerThread:20939 [handler.py:handle_request():146] handle_request: keepalive
2024-02-11 00:25:20,806 DEBUG   HandlerThread:20939 [handler.py:handle_request():146] handle_request: keepalive
2024-02-11 00:25:24,135 DEBUG   SenderThread:20939 [sender.py:send_request():409] send_request: job_info
2024-02-11 00:25:24,136 DEBUG   HandlerThread:20939 [handler.py:handle_request():146] handle_request: status_report
2024-02-11 00:25:24,138 DEBUG   HandlerThread:20939 [handler.py:handle_request():146] handle_request: shutdown
2024-02-11 00:25:24,138 INFO    HandlerThread:20939 [handler.py:finish():869] shutting down handler
2024-02-11 00:25:25,141 INFO    SenderThread:20939 [sender.py:finish():1572] shutting down sender
2024-02-11 00:25:25,142 INFO    SenderThread:20939 [file_pusher.py:finish():172] shutting down file pusher
2024-02-11 00:25:25,142 INFO    SenderThread:20939 [file_pusher.py:join():178] waiting for file pusher
2024-02-11 00:25:25,143 INFO    WriterThread:20939 [datastore.py:close():296] close: /Users/aakashagarwal/Documents/GitHub/palindrome_classifier/wandb/run-20240211_002313-iu4857xj/run-iu4857xj.wandb
